F:\PROJECT\DB PROJECT\HUGCOFFE\HUGCOFFE\DEBUG\HUGCOFFE.OBJ
F:\PROJECT\DB PROJECT\HUGCOFFE\HUGCOFFE\DEBUG\HUGCOFFEDOC.OBJ
F:\PROJECT\DB PROJECT\HUGCOFFE\HUGCOFFE\DEBUG\HUGCOFFEFORMDLG.OBJ
F:\PROJECT\DB PROJECT\HUGCOFFE\HUGCOFFE\DEBUG\HUGCOFFEVIEW.OBJ
F:\PROJECT\DB PROJECT\HUGCOFFE\HUGCOFFE\DEBUG\LOGINDLG.OBJ
F:\PROJECT\DB PROJECT\HUGCOFFE\HUGCOFFE\DEBUG\MAINFRM.OBJ
F:\PROJECT\DB PROJECT\HUGCOFFE\HUGCOFFE\DEBUG\VC110.PDB
D:\DB PROJECT\HUGCOFFE\HUGCOFFE\DEBUG\HUGCOFFE.PCH
D:\DB PROJECT\HUGCOFFE\HUGCOFFE\DEBUG\STDAFX.OBJ
D:\DB PROJECT\HUGCOFFE\HUGCOFFE\DEBUG\VC110.PDB
D:\DB PROJECT\HUGCOFFE\HUGCOFFE\DEBUG\HUGCOFFE.OBJ
D:\DB PROJECT\HUGCOFFE\HUGCOFFE\DEBUG\HUGCOFFEDOC.OBJ
D:\DB PROJECT\HUGCOFFE\HUGCOFFE\DEBUG\HUGCOFFEFORMDLG.OBJ
D:\DB PROJECT\HUGCOFFE\HUGCOFFE\DEBUG\HUGCOFFEVIEW.OBJ
D:\DB PROJECT\HUGCOFFE\HUGCOFFE\DEBUG\LOGINDLG.OBJ
D:\DB PROJECT\HUGCOFFE\HUGCOFFE\DEBUG\MAINFRM.OBJ
F:\PROJECT\DB PROJECT\HUGCOFFE\DEBUG\HUGCOFFE.ILK
F:\PROJECT\DB PROJECT\HUGCOFFE\DEBUG\HUGCOFFE.EXE
F:\PROJECT\DB PROJECT\HUGCOFFE\DEBUG\HUGCOFFE.PDB
F:\PROJECT\DB PROJECT\HUGCOFFE\HUGCOFFE\DEBUG\HUGCOFFE.RES
D:\DB PROJECT\HUGCOFFE\HUGCOFFE\DEBUG\HUGCOFFE.RES
D:\DB Project\HugCoffe\HugCoffe\Debug\HugCoffe.obj
D:\DB Project\HugCoffe\HugCoffe\Debug\HugCoffeDoc.obj
D:\DB Project\HugCoffe\HugCoffe\Debug\HugCoffeFormDlg.obj
D:\DB Project\HugCoffe\HugCoffe\Debug\HugCoffeView.obj
D:\DB Project\HugCoffe\HugCoffe\Debug\LoginDlg.obj
D:\DB Project\HugCoffe\HugCoffe\Debug\MainFrm.obj
D:\DB Project\HugCoffe\HugCoffe\Debug\stdafx.obj
D:\DB Project\HugCoffe\HugCoffe\Debug\cl.command.1.tlog
D:\DB Project\HugCoffe\HugCoffe\Debug\CL.read.1.tlog
D:\DB Project\HugCoffe\HugCoffe\Debug\CL.write.1.tlog
D:\DB Project\HugCoffe\HugCoffe\Debug\link-cvtres.read.1.tlog
D:\DB Project\HugCoffe\HugCoffe\Debug\link-cvtres.write.1.tlog
D:\DB Project\HugCoffe\HugCoffe\Debug\link-mt.read.1.tlog
D:\DB Project\HugCoffe\HugCoffe\Debug\link-mt.write.1.tlog
D:\DB Project\HugCoffe\HugCoffe\Debug\link-rc.read.1.tlog
D:\DB Project\HugCoffe\HugCoffe\Debug\link-rc.write.1.tlog
D:\DB Project\HugCoffe\HugCoffe\Debug\link.484-cvtres.read.1.tlog
D:\DB Project\HugCoffe\HugCoffe\Debug\link.484-cvtres.write.1.tlog
D:\DB Project\HugCoffe\HugCoffe\Debug\link.484-mt.read.1.tlog
D:\DB Project\HugCoffe\HugCoffe\Debug\link.484-mt.write.1.tlog
D:\DB Project\HugCoffe\HugCoffe\Debug\link.484-rc.read.1.tlog
D:\DB Project\HugCoffe\HugCoffe\Debug\link.484-rc.write.1.tlog
D:\DB Project\HugCoffe\HugCoffe\Debug\link.484.read.1.tlog
D:\DB Project\HugCoffe\HugCoffe\Debug\link.484.write.1.tlog
D:\DB Project\HugCoffe\HugCoffe\Debug\link.6296-cvtres.read.1.tlog
D:\DB Project\HugCoffe\HugCoffe\Debug\link.6296-cvtres.write.1.tlog
D:\DB Project\HugCoffe\HugCoffe\Debug\link.6296-mt.read.1.tlog
D:\DB Project\HugCoffe\HugCoffe\Debug\link.6296-mt.write.1.tlog
D:\DB Project\HugCoffe\HugCoffe\Debug\link.6296-rc.read.1.tlog
D:\DB Project\HugCoffe\HugCoffe\Debug\link.6296-rc.write.1.tlog
D:\DB Project\HugCoffe\HugCoffe\Debug\link.6296.read.1.tlog
D:\DB Project\HugCoffe\HugCoffe\Debug\link.6296.write.1.tlog
D:\DB Project\HugCoffe\HugCoffe\Debug\link.6608-cvtres.read.1.tlog
D:\DB Project\HugCoffe\HugCoffe\Debug\link.6608-cvtres.write.1.tlog
D:\DB Project\HugCoffe\HugCoffe\Debug\link.6608-mt.read.1.tlog
D:\DB Project\HugCoffe\HugCoffe\Debug\link.6608-mt.write.1.tlog
D:\DB Project\HugCoffe\HugCoffe\Debug\link.6608-rc.read.1.tlog
D:\DB Project\HugCoffe\HugCoffe\Debug\link.6608-rc.write.1.tlog
D:\DB Project\HugCoffe\HugCoffe\Debug\link.6608.read.1.tlog
D:\DB Project\HugCoffe\HugCoffe\Debug\link.6608.write.1.tlog
D:\DB Project\HugCoffe\HugCoffe\Debug\link.command.1.tlog
D:\DB Project\HugCoffe\HugCoffe\Debug\link.read.1.tlog
D:\DB Project\HugCoffe\HugCoffe\Debug\link.write.1.tlog
D:\DB Project\HugCoffe\HugCoffe\Debug\rc.command.1.tlog
D:\DB Project\HugCoffe\HugCoffe\Debug\rc.read.1.tlog
D:\DB Project\HugCoffe\HugCoffe\Debug\rc.write.1.tlog
D:\DB Project\HugCoffe\HugCoffe\Debug\HugCoffe.res
D:\DB Project\HugCoffe\HugCoffe\Debug\HugCoffe.pch
D:\DB Project\HugCoffe\HugCoffe\Debug\vc110.idb
D:\DB Project\HugCoffe\HugCoffe\Debug\vc110.pdb
D:\DB Project\HugCoffe\Debug\HugCoffe.pdb
