빌드 시작: 2015-12-14 오전 10:16:27
     1>2 노드의 "F:\Project\DB Project\HugCoffe\HugCoffe\HugCoffe.vcxproj" 프로젝트(Build 대상)입니다.
     1>ClCompile:
         C:\Program Files\Microsoft Visual Studio 11.0\VC\bin\CL.exe /c /ZI /nologo /W3 /WX- /sdl /Od /Oy- /D WIN32 /D _WINDOWS /D _DEBUG /D _UNICODE /D UNICODE /D _AFXDLL /Gm /EHsc /RTC1 /MDd /GS /fp:precise /Zc:wchar_t /Zc:forScope /Yc"stdafx.h" /Fp"Debug\HugCoffe.pch" /Fo"Debug\\" /Fd"Debug\vc110.pdb" /Gd /TP /analyze- /errorReport:prompt stdafx.cpp
         stdafx.cpp
         C:\Program Files\Microsoft Visual Studio 11.0\VC\bin\CL.exe /c /ZI /nologo /W3 /WX- /sdl /Od /Oy- /D WIN32 /D _WINDOWS /D _DEBUG /D _UNICODE /D UNICODE /D _AFXDLL /Gm /EHsc /RTC1 /MDd /GS /fp:precise /Zc:wchar_t /Zc:forScope /Yu"stdafx.h" /Fp"Debug\HugCoffe.pch" /Fo"Debug\\" /Fd"Debug\vc110.pdb" /Gd /TP /analyze- /errorReport:prompt CustomerInsertDlg.cpp CustomerModifyDlg.cpp CustomerSelectDlg.cpp HugCoffe.cpp HugCoffeDoc.cpp HugCoffeFormDlg.cpp HugCoffeView.cpp LoginDlg.cpp MainFrm.cpp MenuInsertDlg.cpp MenuModifyDlg.cpp MenuSelectDlg.cpp OrderInsertDlg.cpp
         OrderInsertDlg.cpp
         MenuSelectDlg.cpp
         MenuModifyDlg.cpp
         MenuInsertDlg.cpp
         MainFrm.cpp
         LoginDlg.cpp
         HugCoffeView.cpp
         HugCoffeFormDlg.cpp
         HugCoffeDoc.cpp
         HugCoffe.cpp
         CustomerSelectDlg.cpp
         CustomerModifyDlg.cpp
         CustomerInsertDlg.cpp
         코드를 생성하고 있습니다...
       ResourceCompile:
         C:\Program Files\Windows Kits\8.0\bin\x86\rc.exe /D _DEBUG /D _UNICODE /D UNICODE /D _AFXDLL /l"0x0412" /IDebug\ /nologo /fo"Debug\HugCoffe.res" HugCoffe.rc 
       Link:
         C:\Program Files\Microsoft Visual Studio 11.0\VC\bin\link.exe /ERRORREPORT:PROMPT /OUT:"F:\Project\DB Project\HugCoffe\Debug\HugCoffe.exe" /INCREMENTAL /NOLOGO msdasc.lib /MANIFEST /MANIFESTUAC:"level='asInvoker' uiAccess='false'" /manifest:embed /manifestinput:"C:\Program Files\Microsoft Visual Studio 11.0\VC\Include\Manifest\dpiaware.manifest" /DEBUG /PDB:"F:\Project\DB Project\HugCoffe\Debug\HugCoffe.pdb" /SUBSYSTEM:WINDOWS /TLBID:1 /ENTRY:"wWinMainCRTStartup" /DYNAMICBASE /NXCOMPAT /IMPLIB:"F:\Project\DB Project\HugCoffe\Debug\HugCoffe.lib" /MACHINE:X86 Debug\HugCoffe.res
         Debug\CustomerInsertDlg.obj
         Debug\CustomerModifyDlg.obj
         Debug\CustomerSelectDlg.obj
         Debug\HugCoffe.obj
         Debug\HugCoffeDoc.obj
         Debug\HugCoffeFormDlg.obj
         Debug\HugCoffeView.obj
         Debug\LoginDlg.obj
         Debug\MainFrm.obj
         Debug\MenuInsertDlg.obj
         Debug\MenuModifyDlg.obj
         Debug\MenuSelectDlg.obj
         Debug\OrderInsertDlg.obj
         Debug\stdafx.obj
         LINK : F:\Project\DB Project\HugCoffe\Debug\HugCoffe.exe을(를) 찾을 수 없거나 마지막 증분 링크에 의해 빌드되지 않았습니다. 전체 링크를 수행하고 있습니다.
         HugCoffe.vcxproj -> F:\Project\DB Project\HugCoffe\Debug\HugCoffe.exe
     1>"F:\Project\DB Project\HugCoffe\HugCoffe\HugCoffe.vcxproj" 프로젝트를 빌드했습니다(Build 대상).

빌드했습니다.

경과 시간: 00:01:48.91
